app/build/outputs/logs/manifest-merger-debug-report.txt
-- Merging decision tree log ---
manifest
ADDED from AndroidManifest.xml:2:1
	package
		ADDED from AndroidManifest.xml:3:5
		INJECTED from AndroidManifest.xml:0:0
		INJECTED from AndroidManifest.xml:0:0
	android:versionName
		ADDED from AndroidManifest.xml:5:5
	android:versionCode
		ADDED from AndroidManifest.xml:4:5
		INJECTED from AndroidManifest.xml:0:0
		INJECTED from AndroidManifest.xml:0:0
	xmlns:android
		ADDED from AndroidManifest.xml:2:11
uses-sdk
ADDED from AndroidManifest.xml:7:5
	android:targetSdkVersion
		ADDED from AndroidManifest.xml:9:9
		INJECTED from AndroidManifest.xml:0:0
		INJECTED from AndroidManifest.xml:0:0
	android:minSdkVersion
		ADDED from AndroidManifest.xml:8:9
		INJECTED from AndroidManifest.xml:0:0
		INJECTED from AndroidManifest.xml:0:0
uses-permission#android.permission.INTERNET
ADDED from AndroidManifest.xml:11:5
	android:name
		ADDED from AndroidManifest.xml:11:22
uses-permission#android.permission.READ_PHONE_STATE
ADDED from AndroidManifest.xml:12:5
	android:name
		ADDED from AndroidManifest.xml:12:22
uses-permission#android.permission.ACCESS_NETWORK_STATE
ADDED from AndroidManifest.xml:13:5
	android:name
		ADDED from AndroidManifest.xml:13:22
uses-permission#android.permission.ACCESS_WIFI_STATE
ADDED from AndroidManifest.xml:14:5
	android:name
		ADDED from AndroidManifest.xml:14:22
uses-permission#android.permission.WRITE_EXTERNAL_STORAGE
ADDED from AndroidManifest.xml:15:5
	android:name
		ADDED from AndroidManifest.xml:15:22
uses-permission#android.permission.SYSTEM_ALERT_WINDOW
ADDED from AndroidManifest.xml:16:5
	android:name
		ADDED from AndroidManifest.xml:16:22
uses-permission#android.permission.GET_TASKS
ADDED from AndroidManifest.xml:17:5
	android:name
		ADDED from AndroidManifest.xml:17:22
application
ADDED from AndroidManifest.xml:19:5
	android:label
		ADDED from AndroidManifest.xml:22:9
	android:allowBackup
		ADDED from AndroidManifest.xml:20:9
	android:icon
		ADDED from AndroidManifest.xml:21:9
	android:theme
		ADDED from AndroidManifest.xml:23:9
activity#com.mangoweather.app.ChooseAreaActivity
ADDED from AndroidManifest.xml:24:9
	android:label
		ADDED from AndroidManifest.xml:26:13
	android:name
		ADDED from AndroidManifest.xml:25:13
intent-filter#android.intent.action.MAIN+android.intent.category.LAUNCHER
ADDED from AndroidManifest.xml:27:13
action#android.intent.action.MAIN
ADDED from AndroidManifest.xml:28:17
	android:name
		ADDED from AndroidManifest.xml:28:25
category#android.intent.category.LAUNCHER
ADDED from AndroidManifest.xml:30:17
	android:name
		ADDED from AndroidManifest.xml:30:27
activity#com.mangoweather.app.WeatherActivity
ADDED from AndroidManifest.xml:33:9
	android:name
		ADDED from AndroidManifest.xml:33:19
service#com.mangoweather.app.service.AutoUpdateService
ADDED from AndroidManifest.xml:36:9
	android:name
		ADDED from AndroidManifest.xml:36:18
receiver#com.mangoweather.app.receiver.AutoUpdateReceiver
ADDED from AndroidManifest.xml:39:9
	android:name
		ADDED from AndroidManifest.xml:39:19
activity#net.youmi.android.AdBrowser
ADDED from AndroidManifest.xml:42:9
	android:configChanges
		ADDED from AndroidManifest.xml:44:13
	android:theme
		ADDED from AndroidManifest.xml:45:13
	android:name
		ADDED from AndroidManifest.xml:43:13
service#net.youmi.android.AdService
ADDED from AndroidManifest.xml:48:9
	android:exported
		ADDED from AndroidManifest.xml:50:13
	android:name
		ADDED from AndroidManifest.xml:49:13
receiver#net.youmi.android.AdReceiver
ADDED from AndroidManifest.xml:53:9
	android:name
		ADDED from AndroidManifest.xml:53:19
intent-filter#android.intent.action.PACKAGE_ADDED
ADDED from AndroidManifest.xml:54:13
action#android.intent.action.PACKAGE_ADDED
ADDED from AndroidManifest.xml:55:17
	android:name
		ADDED from AndroidManifest.xml:55:25
data
ADDED from AndroidManifest.xml:57:17
	android:scheme
		ADDED from AndroidManifest.xml:57:23